<?xml version="1.0" encoding="utf-8" standalone="no"?>
<!-- launch-sync-type = timer or key -->
<conf backuppath="backup" launch-sync-type="key" reportpath="." time-to-launch="10000" tournamentmode="0" tournamentname="GridSimulation">
<simulation-server backlog="10" port="12300"/>
<visualization flashport="1099" flashserver="vz104.in.tu-clausthal.de" flashservice="WebServer-SPSInterface"/>
<match>

<simulation configurationclass="GridSimulationConfigurationHandCrafted" file-simulationlog="./log" id="fences" rmiobserver="" rmixmlobserver="GridSimulationRMIXMLDocumentObserver" rmixmlobsserverhost="localhost" rmixmlobsserverport="1097" simulationclass="GridSimulation" visualisationobserver="GridSimulationVisualizationObserver" xmlobserver="" xmlobserverpath="." xmlstatisticsobserver="">


<configuration xmlns:meta="http://www.tu-clausthal.de/" agentSpeed="1" agentWeight="-200" cowAttractedWeight="10" cowPrivateField="3" cowScareWeight="-7" cowSight="5" cowSpeed="3" emptyWeight="3" epsilon="0.2" htaccess="1" lineOfSight="8" maxNumberOfSteps="1000" numberOfAgents="20" numberOfCows="0" numberOfFences="8" numberOfObstacles="614" obstacleWeight="-4" sizex="80" sizey="80" weight="0.3">
<array item0="21" item1="23" item10="21" item11="23" item12="22" item13="21" item14="23" item15="40" item16="42" item17="44" item18="41" item19="43" item2="22" item3="21" item4="23" item5="31" item6="33" item7="35" item8="32" item9="34" meta:length="20" meta:name="agentPositionX"/>
<array item0="13" item1="13" item10="9" item11="9" item12="10" item13="11" item14="11" item15="64" item16="64" item17="64" item18="66" item19="66" item2="14" item3="15" item4="15" item5="64" item6="64" item7="64" item8="66" item9="66" meta:length="20" meta:name="agentPositionY"/>
<array item0="4" item1="25" meta:length="2" meta:name="stable1X"/>
<array item0="58" item1="78" meta:length="2" meta:name="stable1Y"/>
<array item0="51" item1="73" item2="51" item3="73" meta:length="4" meta:name="stable2X"/>
<array item0="58" item1="58" item2="78" item3="78" meta:length="4" meta:name="stable2Y"/>
<array item0="4" item1="5" item10="14" item100="14" item101="15" item102="16" item103="17" item104="18" item105="19" item106="20" item107="21" item108="22" item109="23" item11="15" item110="24" item111="25" item112="26" item113="27" item114="28" item115="29" item116="30" item117="31" item118="32" item119="33" item12="16" item120="34" item121="35" item122="36" item123="37" item124="38" item125="39" item126="40" item127="41" item128="42" item129="43" item13="17" item130="44" item131="45" item132="46" item133="47" item134="48" item135="49" item136="50" item137="51" item138="52" item139="73" item14="18" item140="4" item141="73" item142="4" item143="73" item144="4" item145="73" item146="4" item147="73" item148="4" item149="73" item15="19" item150="4" item151="73" item152="4" item153="73" item154="4" item155="73" item156="4" item157="73" item158="4" item159="73" item16="20" item160="4" item161="5" item162="6" item163="7" item164="8" item165="9" item166="10" item167="11" item168="12" item169="13" item17="21" item170="14" item171="15" item172="16" item173="17" item174="18" item175="19" item176="20" item177="21" item178="22" item179="23" item18="22" item180="24" item181="25" item182="26" item183="27" item184="28" item185="29" item186="30" item187="31" item188="32" item189="33" item19="23" item190="34" item191="35" item192="36" item193="37" item194="38" item195="39" item196="40" item197="41" item198="59" item199="60" item2="6" item20="24" item200="61" item201="62" item202="63" item203="64" item204="65" item205="66" item206="67" item207="68" item208="69" item209="70" item21="25" item210="71" item211="72" item212="73" item213="4" item214="35" item215="73" item216="4" item217="35" item218="73" item219="4" item22="26" item220="35" item221="73" item222="4" item223="35" item224="73" item225="4" item226="35" item227="73" item228="4" item229="35" item23="27" item230="73" item231="4" item232="35" item233="73" item234="4" item235="35" item236="73" item237="4" item238="35" item239="73" item24="28" item240="4" item241="35" item242="73" item243="4" item244="35" item245="73" item246="4" item247="5" item248="6" item249="7" item25="29" item250="8" item251="9" item252="30" item253="31" item254="32" item255="33" item256="34" item257="35" item258="73" item259="4" item26="30" item260="35" item261="73" item262="4" item263="35" item264="73" item265="4" item266="73" item267="4" item268="73" item269="4" item27="31" item270="73" item271="4" item272="73" item273="4" item274="73" item275="4" item276="73" item277="4" item278="73" item279="4" item28="32" item280="73" item281="4" item282="73" item283="4" item284="73" item285="4" item286="73" item287="4" item288="73" item289="4" item29="33" item290="73" item291="4" item292="73" item293="3" item294="4" item295="25" item296="26" item297="27" item298="28" item299="29" item3="7" item30="34" item300="30" item301="31" item302="32" item303="38" item304="40" item305="41" item306="42" item307="43" item308="44" item309="45" item31="35" item310="46" item311="47" item312="48" item313="49" item314="50" item315="51" item316="73" item317="74" item318="3" item319="26" item32="36" item320="32" item321="33" item322="34" item323="35" item324="36" item325="37" item326="38" item327="50" item328="52" item329="53" item33="37" item330="54" item331="55" item332="56" item333="57" item334="58" item335="59" item336="60" item337="61" item338="62" item339="63" item34="38" item340="64" item341="65" item342="66" item343="67" item344="68" item345="69" item346="70" item347="71" item348="72" item349="74" item35="39" item350="3" item351="4" item352="26" item353="50" item354="73" item355="74" item356="3" item357="4" item358="26" item359="50" item36="40" item360="73" item361="74" item362="3" item363="4" item364="26" item365="50" item366="73" item367="74" item368="3" item369="4" item37="41" item370="26" item371="50" item372="73" item373="74" item374="3" item375="4" item376="26" item377="50" item378="73" item379="74" item38="42" item380="3" item381="4" item382="26" item383="50" item384="73" item385="74" item386="3" item387="4" item388="26" item389="50" item39="43" item390="73" item391="74" item392="3" item393="4" item394="26" item395="50" item396="73" item397="74" item398="3" item399="4" item4="8" item40="44" item400="26" item401="50" item402="73" item403="74" item404="3" item405="4" item406="26" item407="50" item408="73" item409="74" item41="45" item410="3" item411="4" item412="26" item413="50" item414="73" item415="74" item416="3" item417="4" item418="5" item419="6" item42="46" item420="7" item421="8" item422="9" item423="10" item424="11" item425="12" item426="13" item427="14" item428="15" item429="16" item43="47" item430="17" item431="18" item432="19" item433="20" item434="21" item435="22" item436="23" item437="24" item438="25" item439="26" item44="48" item440="50" item441="51" item442="52" item443="53" item444="54" item445="55" item446="56" item447="57" item448="58" item449="59" item45="49" item450="60" item451="61" item452="62" item453="63" item454="64" item455="65" item456="66" item457="67" item458="68" item459="69" item46="50" item460="70" item461="71" item462="72" item463="73" item464="74" item465="3" item466="26" item467="27" item468="28" item469="29" item47="51" item470="30" item471="31" item472="32" item473="33" item474="34" item475="35" item476="36" item477="37" item478="38" item479="39" item48="52" item480="40" item481="41" item482="42" item483="43" item484="44" item485="45" item486="46" item487="47" item488="48" item489="49" item49="53" item490="50" item491="74" item492="3" item493="4" item494="5" item495="6" item496="7" item497="8" item498="9" item499="10" item5="9" item50="54" item500="11" item501="12" item502="13" item503="14" item504="15" item505="16" item506="17" item507="18" item508="19" item509="20" item51="55" item510="21" item511="22" item512="23" item513="24" item514="25" item515="26" item516="50" item517="51" item518="52" item519="53" item52="56" item520="54" item521="55" item522="56" item523="57" item524="58" item525="59" item526="60" item527="61" item528="62" item529="63" item53="57" item530="64" item531="65" item532="66" item533="67" item534="68" item535="69" item536="70" item537="71" item538="72" item539="73" item54="58" item540="74" item541="3" item542="26" item543="50" item544="74" item545="3" item546="26" item547="50" item548="74" item549="3" item55="59" item550="26" item551="50" item552="74" item553="3" item554="26" item555="50" item556="74" item557="3" item558="26" item559="50" item56="60" item560="74" item561="3" item562="26" item563="50" item564="74" item565="3" item566="4" item567="5" item568="6" item569="7" item57="61" item570="8" item571="9" item572="10" item573="11" item574="12" item575="13" item576="14" item577="15" item578="16" item579="17" item58="62" item580="18" item581="19" item582="20" item583="21" item584="22" item585="23" item586="24" item587="25" item588="26" item589="50" item59="63" item590="51" item591="52" item592="53" item593="54" item594="55" item595="56" item596="57" item597="58" item598="59" item599="60" item6="10" item60="64" item600="61" item601="62" item602="63" item603="64" item604="65" item605="66" item606="67" item607="68" item608="69" item609="70" item61="65" item610="71" item611="72" item612="73" item613="74" item62="66" item63="67" item64="68" item65="69" item66="70" item67="71" item68="72" item69="73" item7="11" item70="4" item71="73" item72="4" item73="73" item74="4" item75="73" item76="4" item77="73" item78="4" item79="73" item8="12" item80="4" item81="73" item82="4" item83="73" item84="4" item85="73" item86="4" item87="73" item88="4" item89="73" item9="13" item90="4" item91="5" item92="6" item93="7" item94="8" item95="9" item96="10" item97="11" item98="12" item99="13" meta:length="614" meta:name="obstaclePositionX"/>
<array item0="6" item1="6" item10="6" item100="17" item101="17" item102="17" item103="17" item104="17" item105="17" item106="17" item107="17" item108="17" item109="17" item11="6" item110="17" item111="17" item112="17" item113="17" item114="17" item115="17" item116="17" item117="17" item118="17" item119="17" item12="6" item120="17" item121="17" item122="17" item123="17" item124="17" item125="17" item126="17" item127="17" item128="17" item129="17" item13="6" item130="17" item131="17" item132="17" item133="17" item134="17" item135="17" item136="17" item137="17" item138="17" item139="17" item14="6" item140="18" item141="18" item142="19" item143="19" item144="20" item145="20" item146="21" item147="21" item148="22" item149="22" item15="6" item150="23" item151="23" item152="24" item153="24" item154="25" item155="25" item156="26" item157="26" item158="27" item159="27" item16="6" item160="28" item161="28" item162="28" item163="28" item164="28" item165="28" item166="28" item167="28" item168="28" item169="28" item17="6" item170="28" item171="28" item172="28" item173="28" item174="28" item175="28" item176="28" item177="28" item178="28" item179="28" item18="6" item180="28" item181="28" item182="28" item183="28" item184="28" item185="28" item186="28" item187="28" item188="28" item189="28" item19="6" item190="28" item191="28" item192="28" item193="28" item194="28" item195="28" item196="28" item197="28" item198="28" item199="28" item2="6" item20="6" item200="28" item201="28" item202="28" item203="28" item204="28" item205="28" item206="28" item207="28" item208="28" item209="28" item21="6" item210="28" item211="28" item212="28" item213="29" item214="29" item215="29" item216="30" item217="30" item218="30" item219="31" item22="6" item220="31" item221="31" item222="32" item223="32" item224="32" item225="33" item226="33" item227="33" item228="34" item229="34" item23="6" item230="34" item231="35" item232="35" item233="35" item234="36" item235="36" item236="36" item237="37" item238="37" item239="37" item24="6" item240="38" item241="38" item242="38" item243="39" item244="39" item245="39" item246="40" item247="40" item248="40" item249="40" item25="6" item250="40" item251="40" item252="40" item253="40" item254="40" item255="40" item256="40" item257="40" item258="40" item259="41" item26="6" item260="41" item261="41" item262="42" item263="42" item264="42" item265="43" item266="43" item267="44" item268="44" item269="45" item27="6" item270="45" item271="46" item272="46" item273="47" item274="47" item275="48" item276="48" item277="49" item278="49" item279="50" item28="6" item280="50" item281="51" item282="51" item283="52" item284="52" item285="53" item286="53" item287="54" item288="54" item289="55" item29="6" item290="55" item291="56" item292="56" item293="57" item294="57" item295="57" item296="57" item297="57" item298="57" item299="57" item3="6" item30="6" item300="57" item301="57" item302="57" item303="57" item304="57" item305="57" item306="57" item307="57" item308="57" item309="57" item31="6" item310="57" item311="57" item312="57" item313="57" item314="57" item315="57" item316="57" item317="57" item318="58" item319="58" item32="6" item320="58" item321="58" item322="58" item323="58" item324="58" item325="58" item326="58" item327="58" item328="58" item329="58" item33="6" item330="58" item331="58" item332="58" item333="58" item334="58" item335="58" item336="58" item337="58" item338="58" item339="58" item34="6" item340="58" item341="58" item342="58" item343="58" item344="58" item345="58" item346="58" item347="58" item348="58" item349="58" item35="6" item350="59" item351="59" item352="59" item353="59" item354="59" item355="59" item356="60" item357="60" item358="60" item359="60" item36="6" item360="60" item361="60" item362="61" item363="61" item364="61" item365="61" item366="61" item367="61" item368="62" item369="62" item37="6" item370="62" item371="62" item372="62" item373="62" item374="63" item375="63" item376="63" item377="63" item378="63" item379="63" item38="6" item380="64" item381="64" item382="64" item383="64" item384="64" item385="64" item386="65" item387="65" item388="65" item389="65" item39="6" item390="65" item391="65" item392="66" item393="66" item394="66" item395="66" item396="66" item397="66" item398="67" item399="67" item4="6" item40="6" item400="67" item401="67" item402="67" item403="67" item404="68" item405="68" item406="68" item407="68" item408="68" item409="68" item41="6" item410="69" item411="69" item412="69" item413="69" item414="69" item415="69" item416="70" item417="70" item418="70" item419="70" item42="6" item420="70" item421="70" item422="70" item423="70" item424="70" item425="70" item426="70" item427="70" item428="70" item429="70" item43="6" item430="70" item431="70" item432="70" item433="70" item434="70" item435="70" item436="70" item437="70" item438="70" item439="70" item44="6" item440="70" item441="70" item442="70" item443="70" item444="70" item445="70" item446="70" item447="70" item448="70" item449="70" item45="6" item450="70" item451="70" item452="70" item453="70" item454="70" item455="70" item456="70" item457="70" item458="70" item459="70" item46="6" item460="70" item461="70" item462="70" item463="70" item464="70" item465="71" item466="71" item467="71" item468="71" item469="71" item47="6" item470="71" item471="71" item472="71" item473="71" item474="71" item475="71" item476="71" item477="71" item478="71" item479="71" item48="6" item480="71" item481="71" item482="71" item483="71" item484="71" item485="71" item486="71" item487="71" item488="71" item489="71" item49="6" item490="71" item491="71" item492="72" item493="72" item494="72" item495="72" item496="72" item497="72" item498="72" item499="72" item5="6" item50="6" item500="72" item501="72" item502="72" item503="72" item504="72" item505="72" item506="72" item507="72" item508="72" item509="72" item51="6" item510="72" item511="72" item512="72" item513="72" item514="72" item515="72" item516="72" item517="72" item518="72" item519="72" item52="6" item520="72" item521="72" item522="72" item523="72" item524="72" item525="72" item526="72" item527="72" item528="72" item529="72" item53="6" item530="72" item531="72" item532="72" item533="72" item534="72" item535="72" item536="72" item537="72" item538="72" item539="72" item54="6" item540="72" item541="73" item542="73" item543="73" item544="73" item545="74" item546="74" item547="74" item548="74" item549="75" item55="6" item550="75" item551="75" item552="75" item553="76" item554="76" item555="76" item556="76" item557="77" item558="77" item559="77" item56="6" item560="77" item561="78" item562="78" item563="78" item564="78" item565="79" item566="79" item567="79" item568="79" item569="79" item57="6" item570="79" item571="79" item572="79" item573="79" item574="79" item575="79" item576="79" item577="79" item578="79" item579="79" item58="6" item580="79" item581="79" item582="79" item583="79" item584="79" item585="79" item586="79" item587="79" item588="79" item589="79" item59="6" item590="79" item591="79" item592="79" item593="79" item594="79" item595="79" item596="79" item597="79" item598="79" item599="79" item6="6" item60="6" item600="79" item601="79" item602="79" item603="79" item604="79" item605="79" item606="79" item607="79" item608="79" item609="79" item61="6" item610="79" item611="79" item612="79" item613="79" item62="6" item63="6" item64="6" item65="6" item66="6" item67="6" item68="6" item69="6" item7="6" item70="7" item71="7" item72="8" item73="8" item74="9" item75="9" item76="10" item77="10" item78="11" item79="11" item8="6" item80="12" item81="12" item82="13" item83="13" item84="14" item85="14" item86="15" item87="15" item88="16" item89="16" item9="6" item90="17" item91="17" item92="17" item93="17" item94="17" item95="17" item96="17" item97="17" item98="17" item99="17" meta:length="614" meta:name="obstaclePositionY"/>
<array meta:length="0" meta:name="cowPositionX"/>
<array meta:length="0" meta:name="cowPositionY"/>
<array item0="52" item1="53" item2="42" item3="29" item4="35" item5="5" item6="39" item7="72" meta:length="8" meta:name="switchX"/>
<array item0="16" item1="17" item2="28" item3="40" item4="43" item5="57" item6="57" item7="57" meta:length="8" meta:name="switchY"/>
<array item0="9" item1="19" item2="16" item3="19" item4="14" item5="19" item6="10" item7="20" meta:length="8" meta:name="fenceLength"/>
<array item0="up" item1="right" item2="right" item3="left" item4="down" item5="right" item6="right" item7="left" meta:length="8" meta:name="fenceDirections"/>
</configuration>
<agents>

<agent agentclass="GridSimulationAgent" agentcreationclass="GridSimulationAgentParameter" team="red">
<configuration/>
</agent>
<agent agentclass="GridSimulationAgent" agentcreationclass="GridSimulationAgentParameter" team="red">
<configuration/>
</agent>
<agent agentclass="GridSimulationAgent" agentcreationclass="GridSimulationAgentParameter" team="red">
<configuration/>
</agent>
<agent agentclass="GridSimulationAgent" agentcreationclass="GridSimulationAgentParameter" team="red">
<configuration/>
</agent>
<agent agentclass="GridSimulationAgent" agentcreationclass="GridSimulationAgentParameter" team="red">
<configuration/>
</agent>
<agent agentclass="GridSimulationAgent" agentcreationclass="GridSimulationAgentParameter" team="red">
<configuration/>
</agent>
<agent agentclass="GridSimulationAgent" agentcreationclass="GridSimulationAgentParameter" team="red">
<configuration/>
</agent>
<agent agentclass="GridSimulationAgent" agentcreationclass="GridSimulationAgentParameter" team="red">
<configuration/>
</agent>
<agent agentclass="GridSimulationAgent" agentcreationclass="GridSimulationAgentParameter" team="red">
<configuration/>
</agent>
<agent agentclass="GridSimulationAgent" agentcreationclass="GridSimulationAgentParameter" team="red">
<configuration/>
</agent>
<agent agentclass="GridSimulationAgent" agentcreationclass="GridSimulationAgentParameter" team="blue">
<configuration/>
</agent>
<agent agentclass="GridSimulationAgent" agentcreationclass="GridSimulationAgentParameter" team="blue">
<configuration/>
</agent>
<agent agentclass="GridSimulationAgent" agentcreationclass="GridSimulationAgentParameter" team="blue">
<configuration/>
</agent>
<agent agentclass="GridSimulationAgent" agentcreationclass="GridSimulationAgentParameter" team="blue">
<configuration/>
</agent>
<agent agentclass="GridSimulationAgent" agentcreationclass="GridSimulationAgentParameter" team="blue">
<configuration/>
</agent>
<agent agentclass="GridSimulationAgent" agentcreationclass="GridSimulationAgentParameter" team="blue">
<configuration/>
</agent>
<agent agentclass="GridSimulationAgent" agentcreationclass="GridSimulationAgentParameter" team="blue">
<configuration/>
</agent>
<agent agentclass="GridSimulationAgent" agentcreationclass="GridSimulationAgentParameter" team="blue">
<configuration/>
</agent>
<agent agentclass="GridSimulationAgent" agentcreationclass="GridSimulationAgentParameter" team="blue">
<configuration/>
</agent>
<agent agentclass="GridSimulationAgent" agentcreationclass="GridSimulationAgentParameter" team="blue">
<configuration/>
</agent>
</agents>
</simulation>
</match>
<accounts>
<actionclassmap name="Grid">
<actionclass class="GridSimulationAgentAction" id="action"/>
<actionclass class="massim.InvalidAction" id="invalid"/>
</actionclassmap>

<account actionclassmap="Grid" auxtimeout="5" defaultactionclass="GridSimulationAgentAction" maxpacketlength="65536" password="1" team="A" timeout="8" username="a1"/>
<account actionclassmap="Grid" auxtimeout="5" defaultactionclass="GridSimulationAgentAction" maxpacketlength="65536" password="1" team="A" timeout="8" username="a2"/>
<account actionclassmap="Grid" auxtimeout="5" defaultactionclass="GridSimulationAgentAction" maxpacketlength="65536" password="1" team="A" timeout="8" username="a3"/>
<account actionclassmap="Grid" auxtimeout="5" defaultactionclass="GridSimulationAgentAction" maxpacketlength="65536" password="1" team="A" timeout="8" username="a4"/>
<account actionclassmap="Grid" auxtimeout="5" defaultactionclass="GridSimulationAgentAction" maxpacketlength="65536" password="1" team="A" timeout="8" username="a5"/>
<account actionclassmap="Grid" auxtimeout="5" defaultactionclass="GridSimulationAgentAction" maxpacketlength="65536" password="1" team="A" timeout="8" username="a6"/>
<account actionclassmap="Grid" auxtimeout="5" defaultactionclass="GridSimulationAgentAction" maxpacketlength="65536" password="1" team="A" timeout="8" username="a7"/>
<account actionclassmap="Grid" auxtimeout="5" defaultactionclass="GridSimulationAgentAction" maxpacketlength="65536" password="1" team="A" timeout="8" username="a8"/>
<account actionclassmap="Grid" auxtimeout="5" defaultactionclass="GridSimulationAgentAction" maxpacketlength="65536" password="1" team="A" timeout="8" username="a9"/>
<account actionclassmap="Grid" auxtimeout="5" defaultactionclass="GridSimulationAgentAction" maxpacketlength="65536" password="1" team="A" timeout="8" username="a10"/>
<account actionclassmap="Grid" auxtimeout="500" defaultactionclass="GridSimulationAgentAction" maxpacketlength="65536" password="1" team="B" timeout="1000" username="b1"/>
<account actionclassmap="Grid" auxtimeout="500" defaultactionclass="GridSimulationAgentAction" maxpacketlength="65536" password="1" team="B" timeout="1000" username="b2"/>
<account actionclassmap="Grid" auxtimeout="500" defaultactionclass="GridSimulationAgentAction" maxpacketlength="65536" password="1" team="B" timeout="1000" username="b3"/>
<account actionclassmap="Grid" auxtimeout="500" defaultactionclass="GridSimulationAgentAction" maxpacketlength="65536" password="1" team="B" timeout="1000" username="b4"/>
<account actionclassmap="Grid" auxtimeout="500" defaultactionclass="GridSimulationAgentAction" maxpacketlength="65536" password="1" team="B" timeout="1000" username="b5"/>
<account actionclassmap="Grid" auxtimeout="500" defaultactionclass="GridSimulationAgentAction" maxpacketlength="65536" password="1" team="B" timeout="1000" username="b6"/>
<account actionclassmap="Grid" auxtimeout="500" defaultactionclass="GridSimulationAgentAction" maxpacketlength="65536" password="1" team="B" timeout="1000" username="b7"/>
<account actionclassmap="Grid" auxtimeout="500" defaultactionclass="GridSimulationAgentAction" maxpacketlength="65536" password="1" team="B" timeout="1000" username="b8"/>
<account actionclassmap="Grid" auxtimeout="500" defaultactionclass="GridSimulationAgentAction" maxpacketlength="65536" password="1" team="B" timeout="1000" username="b9"/>
<account actionclassmap="Grid" auxtimeout="500" defaultactionclass="GridSimulationAgentAction" maxpacketlength="65536" password="1" team="B" timeout="1000" username="b10"/>
</accounts>
</conf>
